TN:
SF:src/DefiversoCertificate.sol
DA:44,9
FN:44,DefiversoCertificate.constructor
FNDA:9,DefiversoCertificate.constructor
DA:45,9
DA:49,2
FN:49,DefiversoCertificate.onlyOwner
FNDA:2,DefiversoCertificate.onlyOwner
DA:50,2
BRDA:50,0,0,-
DA:55,5
FN:55,DefiversoCertificate.onlyProfessor
FNDA:5,DefiversoCertificate.onlyProfessor
DA:56,5
BRDA:56,1,0,1
DA:61,1
FN:61,DefiversoCertificate.whenNotPaused
FNDA:1,DefiversoCertificate.whenNotPaused
DA:62,0
BRDA:62,2,0,-
DA:70,3
FN:70,DefiversoCertificate.transferOwnership
FNDA:3,DefiversoCertificate.transferOwnership
DA:71,2
BRDA:71,3,0,1
DA:72,1
DA:73,1
DA:80,2
FN:80,DefiversoCertificate.setPaused
FNDA:2,DefiversoCertificate.setPaused
DA:81,2
DA:82,1
BRDA:82,4,0,1
BRDA:82,4,1,1
DA:83,1
DA:85,1
DA:93,13
FN:93,DefiversoCertificate.registerProfessor
FNDA:13,DefiversoCertificate.registerProfessor
DA:96,11
BRDA:96,5,0,1
DA:97,10
DA:98,10
DA:105,2
FN:105,DefiversoCertificate.unregisterProfessor
FNDA:2,DefiversoCertificate.unregisterProfessor
DA:108,1
DA:109,1
DA:119,5
FN:119,DefiversoCertificate.signCertificates
FNDA:5,DefiversoCertificate.signCertificates
DA:124,3
DA:125,3
BRDA:125,6,0,1
DA:127,2
DA:128,2
DA:129,2
DA:132,2
DA:136,2
DA:146,4
FN:146,DefiversoCertificate.verify
FNDA:4,DefiversoCertificate.verify
DA:151,4
DA:155,4
DA:163,1
FN:163,DefiversoCertificate.checkHasCertificate
FNDA:1,DefiversoCertificate.checkHasCertificate
DA:164,1
FNF:11
FNH:11
LF:37
LH:36
BRF:8
BRH:6
end_of_record
